0 verbose cli /data/data/com.termux/files/usr/bin/node /data/data/com.termux/files/usr/bin/npm
1 info using npm@11.12.1
2 info using node@v25.8.2
3 silly config load:file:/data/data/com.termux/files/usr/lib/node_modules/npm/npmrc
4 silly config load:file:/data/data/com.termux/files/home/.npmrc
5 silly config load:file:/data/data/com.termux/files/usr/etc/npmrc
6 verbose title npm install
7 verbose argv "install"
8 verbose logfile logs-max:10 dir:/data/data/com.termux/files/home/.npm/_logs/2026-04-03T00_06_09_526Z-
9 verbose logfile /data/data/com.termux/files/home/.npm/_logs/2026-04-03T00_06_09_526Z-debug-0.log
10 silly logfile start cleaning logs, removing 1 files
11 silly logfile done cleaning log files
12 silly packumentCache heap:1174405120 maxSize:293601280 maxEntrySize:146800640
13 silly idealTree buildDeps
14 silly fetch manifest discord.js@^14.25.1
15 silly packumentCache full:https://registry.npmjs.org/discord.js cache-miss
16 http fetch GET 200 https://registry.npmjs.org/discord.js 1336ms (cache updated)
17 silly packumentCache full:https://registry.npmjs.org/discord.js set size:undefined disposed:false
18 silly fetch manifest dotenv@^17.4.0
19 silly packumentCache full:https://registry.npmjs.org/dotenv cache-miss
20 http fetch GET 200 https://registry.npmjs.org/dotenv 284ms (cache revalidated)
21 silly packumentCache full:https://registry.npmjs.org/dotenv set size:271586 disposed:false
22 silly placeDep ROOT discord.js@14.26.0 OK for: bot@1.0.0 want: ^14.25.1
23 silly placeDep ROOT dotenv@17.4.0 OK for: bot@1.0.0 want: ^17.4.0
24 silly fetch manifest tslib@^2.6.3
25 silly packumentCache full:https://registry.npmjs.org/tslib cache-miss
26 silly fetch manifest undici@6.24.1
27 silly packumentCache full:https://registry.npmjs.org/undici cache-miss
28 silly fetch manifest @discordjs/ws@^1.2.3
29 silly packumentCache full:https://registry.npmjs.org/@discordjs%2fws cache-miss
30 silly fetch manifest magic-bytes.js@^1.13.0
31 silly packumentCache full:https://registry.npmjs.org/magic-bytes.js cache-miss
32 silly fetch manifest @discordjs/rest@^2.6.1
33 silly packumentCache full:https://registry.npmjs.org/@discordjs%2frest cache-miss
34 silly fetch manifest @discordjs/util@^1.2.0
35 silly packumentCache full:https://registry.npmjs.org/@discordjs%2futil cache-miss
36 silly fetch manifest fast-deep-equal@3.1.3
37 silly packumentCache full:https://registry.npmjs.org/fast-deep-equal cache-miss
38 http fetch GET 200 https://registry.npmjs.org/undici 500ms (cache updated)
39 silly packumentCache full:https://registry.npmjs.org/undici set size:undefined disposed:false
40 silly fetch manifest lodash.snakecase@4.1.1
41 silly packumentCache full:https://registry.npmjs.org/lodash.snakecase cache-miss
42 http fetch GET 200 https://registry.npmjs.org/magic-bytes.js 699ms (cache revalidated)
43 silly packumentCache full:https://registry.npmjs.org/magic-bytes.js set size:127104 disposed:false
44 silly fetch manifest discord-api-types@^0.38.40
45 silly packumentCache full:https://registry.npmjs.org/discord-api-types cache-miss
46 http fetch GET 200 https://registry.npmjs.org/tslib 733ms (cache revalidated)
47 silly packumentCache full:https://registry.npmjs.org/tslib set size:108760 disposed:false
48 silly fetch manifest @discordjs/builders@^1.14.0
49 silly packumentCache full:https://registry.npmjs.org/@discordjs%2fbuilders cache-miss
50 http fetch GET 200 https://registry.npmjs.org/fast-deep-equal 791ms (cache revalidated)
51 silly packumentCache full:https://registry.npmjs.org/fast-deep-equal set size:48634 disposed:false
52 silly fetch manifest @sapphire/snowflake@3.5.3
53 silly packumentCache full:https://registry.npmjs.org/@sapphire%2fsnowflake cache-miss
54 http fetch GET 200 https://registry.npmjs.org/lodash.snakecase 249ms (cache revalidated)
55 silly packumentCache full:https://registry.npmjs.org/lodash.snakecase set size:16878 disposed:false
56 silly fetch manifest @discordjs/collection@1.5.3
57 silly packumentCache full:https://registry.npmjs.org/@discordjs%2fcollection cache-miss
58 http fetch GET 200 https://registry.npmjs.org/@discordjs%2futil 1051ms (cache updated)
59 silly packumentCache full:https://registry.npmjs.org/@discordjs%2futil set size:undefined disposed:false
60 silly fetch manifest @discordjs/formatters@^0.6.2
61 silly packumentCache full:https://registry.npmjs.org/@discordjs%2fformatters cache-miss
62 http fetch GET 200 https://registry.npmjs.org/@sapphire%2fsnowflake 463ms (cache revalidated)
63 silly packumentCache full:https://registry.npmjs.org/@sapphire%2fsnowflake set size:3056270 disposed:false
64 http fetch GET 200 https://registry.npmjs.org/@discordjs%2fws 1760ms (cache updated)
65 silly packumentCache full:https://registry.npmjs.org/@discordjs%2fws set size:undefined disposed:false
66 http fetch GET 200 https://registry.npmjs.org/@discordjs%2frest 2220ms (cache updated)
67 silly packumentCache full:https://registry.npmjs.org/@discordjs%2frest set size:undefined disposed:false
68 http fetch GET 200 https://registry.npmjs.org/@discordjs%2fcollection 2211ms (cache updated)
69 silly packumentCache full:https://registry.npmjs.org/@discordjs%2fcollection set size:undefined disposed:false
70 http fetch GET 200 https://registry.npmjs.org/@discordjs%2fformatters 2091ms (cache updated)
71 silly packumentCache full:https://registry.npmjs.org/@discordjs%2fformatters set size:undefined disposed:false
72 http fetch GET 200 https://registry.npmjs.org/discord-api-types 2794ms (cache updated)
73 silly packumentCache full:https://registry.npmjs.org/discord-api-types set size:undefined disposed:false
74 http fetch GET 200 https://registry.npmjs.org/@discordjs%2fbuilders 4119ms (cache updated)
75 silly packumentCache full:https://registry.npmjs.org/@discordjs%2fbuilders set size:undefined disposed:false
76 silly placeDep ROOT @discordjs/builders@1.14.1 OK for: discord.js@14.26.0 want: ^1.14.0
77 silly placeDep ROOT @discordjs/collection@1.5.3 OK for: discord.js@14.26.0 want: 1.5.3
78 silly placeDep ROOT @discordjs/formatters@0.6.2 OK for: discord.js@14.26.0 want: ^0.6.2
79 silly placeDep ROOT @discordjs/rest@2.6.1 OK for: discord.js@14.26.0 want: ^2.6.1
80 silly placeDep ROOT @discordjs/util@1.2.0 OK for: discord.js@14.26.0 want: ^1.2.0
81 silly placeDep ROOT @discordjs/ws@1.2.3 OK for: discord.js@14.26.0 want: ^1.2.3
82 silly placeDep ROOT @sapphire/snowflake@3.5.3 OK for: discord.js@14.26.0 want: 3.5.3
83 silly placeDep ROOT discord-api-types@0.38.44 OK for: discord.js@14.26.0 want: ^0.38.40
84 silly placeDep ROOT fast-deep-equal@3.1.3 OK for: discord.js@14.26.0 want: 3.1.3
85 silly placeDep ROOT lodash.snakecase@4.1.1 OK for: discord.js@14.26.0 want: 4.1.1
86 silly placeDep ROOT magic-bytes.js@1.13.0 OK for: discord.js@14.26.0 want: ^1.13.0
87 silly placeDep ROOT tslib@2.8.1 OK for: discord.js@14.26.0 want: ^2.6.3
88 silly placeDep ROOT undici@6.24.1 OK for: discord.js@14.26.0 want: 6.24.1
89 silly fetch manifest ts-mixer@^6.0.4
90 silly packumentCache full:https://registry.npmjs.org/ts-mixer cache-miss
91 silly fetch manifest fast-deep-equal@^3.1.3
92 silly packumentCache full:https://registry.npmjs.org/fast-deep-equal cache-hit
93 silly fetch manifest @sapphire/shapeshift@^4.0.0
94 silly packumentCache full:https://registry.npmjs.org/@sapphire%2fshapeshift cache-miss
95 silly fetch manifest discord-api-types@^0.38.33
96 silly packumentCache full:https://registry.npmjs.org/discord-api-types cache-miss
97 silly fetch manifest @sapphire/snowflake@^3.5.5
98 silly packumentCache full:https://registry.npmjs.org/@sapphire%2fsnowflake cache-miss
99 silly fetch manifest @discordjs/collection@^2.1.1
100 silly packumentCache full:https://registry.npmjs.org/@discordjs%2fcollection cache-miss
101 silly fetch manifest @sapphire/async-queue@^1.5.3
102 silly packumentCache full:https://registry.npmjs.org/@sapphire%2fasync-queue cache-miss
103 silly fetch manifest @vladfrangu/async_event_emitter@^2.4.6
104 silly packumentCache full:https://registry.npmjs.org/@vladfrangu%2fasync_event_emitter cache-miss
105 http cache https://registry.npmjs.org/discord-api-types 119ms (cache hit)
106 silly packumentCache full:https://registry.npmjs.org/discord-api-types set size:8039059 disposed:false
107 silly fetch manifest ws@^8.17.0
108 silly packumentCache full:https://registry.npmjs.org/ws cache-miss
109 http cache https://registry.npmjs.org/@discordjs%2fcollection 362ms (cache hit)
110 silly packumentCache full:https://registry.npmjs.org/@discordjs%2fcollection set size:5583250 disposed:false
111 silly fetch manifest tslib@^2.6.2
112 silly packumentCache full:https://registry.npmjs.org/tslib cache-hit
113 silly fetch manifest @types/ws@^8.5.10
114 silly packumentCache full:https://registry.npmjs.org/@types%2fws cache-miss
115 http cache https://registry.npmjs.org/@sapphire%2fsnowflake 624ms (cache hit)
116 silly packumentCache full:https://registry.npmjs.org/@sapphire%2fsnowflake set size:3056270 disposed:false
117 silly fetch manifest discord-api-types@^0.38.1
118 silly packumentCache full:https://registry.npmjs.org/discord-api-types cache-miss
119 http fetch GET 200 https://registry.npmjs.org/ts-mixer 738ms (cache revalidated)
120 silly packumentCache full:https://registry.npmjs.org/ts-mixer set size:186053 disposed:false
121 silly fetch manifest @discordjs/collection@^2.1.0
122 silly packumentCache full:https://registry.npmjs.org/@discordjs%2fcollection cache-miss
123 http fetch GET 200 https://registry.npmjs.org/@vladfrangu%2fasync_event_emitter 737ms (cache revalidated)
124 silly packumentCache full:https://registry.npmjs.org/@vladfrangu%2fasync_event_emitter set size:290320 disposed:false
125 silly fetch manifest @sapphire/async-queue@^1.5.2
126 silly packumentCache full:https://registry.npmjs.org/@sapphire%2fasync-queue cache-miss
127 http fetch GET 200 https://registry.npmjs.org/@sapphire%2fshapeshift 784ms (cache revalidated)
128 silly packumentCache full:https://registry.npmjs.org/@sapphire%2fshapeshift set size:2120584 disposed:false
129 silly fetch manifest @vladfrangu/async_event_emitter@^2.2.4
130 silly packumentCache full:https://registry.npmjs.org/@vladfrangu%2fasync_event_emitter cache-hit
131 http fetch GET 200 https://registry.npmjs.org/@sapphire%2fasync-queue 924ms (cache revalidated)
132 silly packumentCache full:https://registry.npmjs.org/@sapphire%2fasync-queue set size:2902259 disposed:false
133 http cache https://registry.npmjs.org/discord-api-types 359ms (cache hit)
134 silly packumentCache full:https://registry.npmjs.org/discord-api-types set size:8039059 disposed:false
135 http cache https://registry.npmjs.org/@sapphire%2fasync-queue 539ms (cache hit)
136 silly packumentCache full:https://registry.npmjs.org/@sapphire%2fasync-queue set size:2902259 disposed:false
137 http cache https://registry.npmjs.org/@discordjs%2fcollection 671ms (cache hit)
138 silly packumentCache full:https://registry.npmjs.org/@discordjs%2fcollection set size:5583250 disposed:false
139 http fetch GET 200 https://registry.npmjs.org/@types%2fws 1028ms (cache revalidated)
140 silly packumentCache full:https://registry.npmjs.org/@types%2fws set size:167959 disposed:false
141 http fetch GET 200 https://registry.npmjs.org/ws 1316ms (cache revalidated)
142 silly packumentCache full:https://registry.npmjs.org/ws set size:415737 disposed:false
143 silly placeDep ROOT @sapphire/shapeshift@4.0.0 OK for: @discordjs/builders@1.14.1 want: ^4.0.0
144 silly placeDep ROOT ts-mixer@6.0.4 OK for: @discordjs/builders@1.14.1 want: ^6.0.4
145 silly fetch manifest lodash@^4.17.21
146 silly packumentCache full:https://registry.npmjs.org/lodash cache-miss
147 http fetch GET 200 https://registry.npmjs.org/lodash 207ms (cache updated)
148 silly packumentCache full:https://registry.npmjs.org/lodash set size:undefined disposed:false
149 silly placeDep node_modules/@discordjs/rest @discordjs/collection@2.1.1 OK for: @discordjs/rest@2.6.1 want: ^2.1.1
150 silly placeDep ROOT @sapphire/async-queue@1.5.5 OK for: @discordjs/rest@2.6.1 want: ^1.5.3
151 silly placeDep node_modules/@discordjs/rest @sapphire/snowflake@3.5.5 OK for: @discordjs/rest@2.6.1 want: ^3.5.5
152 silly placeDep ROOT @vladfrangu/async_event_emitter@2.4.7 OK for: @discordjs/rest@2.6.1 want: ^2.4.6
153 silly fetch manifest bufferutil@^4.0.1
154 silly packumentCache full:https://registry.npmjs.org/bufferutil cache-miss
155 http fetch GET 200 https://registry.npmjs.org/bufferutil 185ms (cache revalidated)
156 silly packumentCache full:https://registry.npmjs.org/bufferutil set size:52763 disposed:false
157 silly fetch manifest utf-8-validate@>=5.0.2
158 silly packumentCache full:https://registry.npmjs.org/utf-8-validate cache-miss
159 http fetch GET 200 https://registry.npmjs.org/utf-8-validate 106ms (cache revalidated)
160 silly packumentCache full:https://registry.npmjs.org/utf-8-validate set size:77148 disposed:false
161 silly placeDep node_modules/@discordjs/ws @discordjs/collection@2.1.1 OK for: @discordjs/ws@1.2.3 want: ^2.1.0
162 silly placeDep ROOT @types/ws@8.18.1 OK for: @discordjs/ws@1.2.3 want: ^8.5.10
163 silly placeDep ROOT ws@8.20.0 OK for: @discordjs/ws@1.2.3 want: ^8.17.0
164 silly fetch manifest @types/node@*
165 silly packumentCache full:https://registry.npmjs.org/@types%2fnode cache-miss
166 http fetch GET 200 https://registry.npmjs.org/@types%2fnode 972ms (cache updated)
167 silly packumentCache full:https://registry.npmjs.org/@types%2fnode set size:undefined disposed:false
168 silly placeDep ROOT lodash@4.18.1 OK for: @sapphire/shapeshift@4.0.0 want: ^4.17.21
169 silly placeDep ROOT @types/node@25.5.0 OK for: @types/ws@8.18.1 want: *
170 silly fetch manifest undici-types@~7.18.0
171 silly packumentCache full:https://registry.npmjs.org/undici-types cache-miss
172 http fetch GET 200 https://registry.npmjs.org/undici-types 216ms (cache updated)
173 silly packumentCache full:https://registry.npmjs.org/undici-types set size:undefined disposed:false
174 silly placeDep ROOT undici-types@7.18.2 OK for: @types/node@25.5.0 want: ~7.18.0
175 silly reify moves {}
176 silly audit bulk request {
176 silly audit   'discord.js': [ '14.26.0' ],
176 silly audit   dotenv: [ '17.4.0' ],
176 silly audit   '@discordjs/builders': [ '1.14.1' ],
176 silly audit   '@discordjs/collection': [ '1.5.3', '2.1.1' ],
176 silly audit   '@discordjs/formatters': [ '0.6.2' ],
176 silly audit   '@discordjs/rest': [ '2.6.1' ],
176 silly audit   '@discordjs/util': [ '1.2.0' ],
176 silly audit   '@discordjs/ws': [ '1.2.3' ],
176 silly audit   '@sapphire/snowflake': [ '3.5.3', '3.5.5' ],
176 silly audit   'discord-api-types': [ '0.38.44' ],
176 silly audit   'fast-deep-equal': [ '3.1.3' ],
176 silly audit   'lodash.snakecase': [ '4.1.1' ],
176 silly audit   'magic-bytes.js': [ '1.13.0' ],
176 silly audit   tslib: [ '2.8.1' ],
176 silly audit   undici: [ '6.24.1' ],
176 silly audit   '@sapphire/shapeshift': [ '4.0.0' ],
176 silly audit   'ts-mixer': [ '6.0.4' ],
176 silly audit   '@sapphire/async-queue': [ '1.5.5' ],
176 silly audit   '@vladfrangu/async_event_emitter': [ '2.4.7' ],
176 silly audit   '@types/ws': [ '8.18.1' ],
176 silly audit   ws: [ '8.20.0' ],
176 silly audit   lodash: [ '4.18.1' ],
176 silly audit   '@types/node': [ '25.5.0' ],
176 silly audit   'undici-types': [ '7.18.2' ]
176 silly audit }
177 http cache undici-types@https://registry.npmjs.org/undici-types/-/undici-types-7.18.2.tgz 0ms (cache hit)
178 http cache lodash@https://registry.npmjs.org/lodash/-/lodash-4.18.1.tgz 0ms (cache hit)
179 http cache @types/node@https://registry.npmjs.org/@types/node/-/node-25.5.0.tgz 0ms (cache hit)
180 http cache ws@https://registry.npmjs.org/ws/-/ws-8.20.0.tgz 0ms (cache hit)
181 http cache @types/ws@https://registry.npmjs.org/@types/ws/-/ws-8.18.1.tgz 0ms (cache hit)
182 http cache @vladfrangu/async_event_emitter@https://registry.npmjs.org/@vladfrangu/async_event_emitter/-/async_event_emitter-2.4.7.tgz 0ms (cache hit)
183 http cache ts-mixer@https://registry.npmjs.org/ts-mixer/-/ts-mixer-6.0.4.tgz 0ms (cache hit)
184 http cache @sapphire/async-queue@https://registry.npmjs.org/@sapphire/async-queue/-/async-queue-1.5.5.tgz 0ms (cache hit)
185 http cache @sapphire/shapeshift@https://registry.npmjs.org/@sapphire/shapeshift/-/shapeshift-4.0.0.tgz 0ms (cache hit)
186 http cache undici@https://registry.npmjs.org/undici/-/undici-6.24.1.tgz 0ms (cache hit)
187 http cache tslib@https://registry.npmjs.org/tslib/-/tslib-2.8.1.tgz 0ms (cache hit)
188 http cache magic-bytes.js@https://registry.npmjs.org/magic-bytes.js/-/magic-bytes.js-1.13.0.tgz 0ms (cache hit)
189 http cache lodash.snakecase@https://registry.npmjs.org/lodash.snakecase/-/lodash.snakecase-4.1.1.tgz 0ms (cache hit)
190 http cache fast-deep-equal@https://registry.npmjs.org/fast-deep-equal/-/fast-deep-equal-3.1.3.tgz 0ms (cache hit)
191 http cache @sapphire/snowflake@https://registry.npmjs.org/@sapphire/snowflake/-/snowflake-3.5.3.tgz 0ms (cache hit)
192 http cache @discordjs/ws@https://registry.npmjs.org/@discordjs/ws/-/ws-1.2.3.tgz 0ms (cache hit)
193 http cache @discordjs/rest@https://registry.npmjs.org/@discordjs/rest/-/rest-2.6.1.tgz 0ms (cache hit)
194 http cache @discordjs/util@https://registry.npmjs.org/@discordjs/util/-/util-1.2.0.tgz 0ms (cache hit)
195 http cache discord-api-types@https://registry.npmjs.org/discord-api-types/-/discord-api-types-0.38.44.tgz 0ms (cache hit)
196 http cache @discordjs/formatters@https://registry.npmjs.org/@discordjs/formatters/-/formatters-0.6.2.tgz 0ms (cache hit)
197 http cache @discordjs/collection@https://registry.npmjs.org/@discordjs/collection/-/collection-1.5.3.tgz 0ms (cache hit)
198 http cache dotenv@https://registry.npmjs.org/dotenv/-/dotenv-17.4.0.tgz 1ms (cache hit)
199 http cache @discordjs/builders@https://registry.npmjs.org/@discordjs/builders/-/builders-1.14.1.tgz 0ms (cache hit)
200 http cache discord.js@https://registry.npmjs.org/discord.js/-/discord.js-14.26.0.tgz 0ms (cache hit)
201 http cache @discordjs/collection@https://registry.npmjs.org/@discordjs/collection/-/collection-2.1.1.tgz 0ms (cache hit)
202 http cache @discordjs/collection@https://registry.npmjs.org/@discordjs/collection/-/collection-2.1.1.tgz 0ms (cache hit)
203 http cache @sapphire/snowflake@https://registry.npmjs.org/@sapphire/snowflake/-/snowflake-3.5.5.tgz 0ms (cache hit)
204 silly tarball no local data for lodash@https://registry.npmjs.org/lodash/-/lodash-4.18.1.tgz. Extracting by manifest.
205 silly tarball no local data for discord-api-types@https://registry.npmjs.org/discord-api-types/-/discord-api-types-0.38.44.tgz. Extracting by manifest.
206 silly tarball no local data for @discordjs/builders@https://registry.npmjs.org/@discordjs/builders/-/builders-1.14.1.tgz. Extracting by manifest.
207 silly tarball no local data for discord.js@https://registry.npmjs.org/discord.js/-/discord.js-14.26.0.tgz. Extracting by manifest.
208 http fetch POST 200 https://registry.npmjs.org/-/npm/v1/security/advisories/bulk 418ms
209 silly audit report {}
210 http fetch GET 200 https://registry.npmjs.org/@discordjs/builders/-/builders-1.14.1.tgz 1168ms (cache miss)
211 http fetch GET 200 https://registry.npmjs.org/lodash/-/lodash-4.18.1.tgz 1940ms (cache miss)
212 http fetch GET 200 https://registry.npmjs.org/discord.js/-/discord.js-14.26.0.tgz 2084ms (cache miss)
213 http fetch GET 200 https://registry.npmjs.org/discord-api-types/-/discord-api-types-0.38.44.tgz 3075ms (cache miss)
214 silly ADD node_modules/undici-types
215 silly ADD node_modules/@types/node
216 silly ADD node_modules/lodash
217 silly ADD node_modules/ws
218 silly ADD node_modules/@types/ws
219 silly ADD node_modules/@vladfrangu/async_event_emitter
220 silly ADD node_modules/@sapphire/async-queue
221 silly ADD node_modules/ts-mixer
222 silly ADD node_modules/@sapphire/shapeshift
223 silly ADD node_modules/undici
224 silly ADD node_modules/tslib
225 silly ADD node_modules/magic-bytes.js
226 silly ADD node_modules/lodash.snakecase
227 silly ADD node_modules/fast-deep-equal
228 silly ADD node_modules/discord-api-types
229 silly ADD node_modules/@sapphire/snowflake
230 silly ADD node_modules/@discordjs/ws
231 silly ADD node_modules/@discordjs/ws/node_modules/@discordjs/collection
232 silly ADD node_modules/@discordjs/util
233 silly ADD node_modules/@discordjs/rest
234 silly ADD node_modules/@discordjs/rest/node_modules/@sapphire/snowflake
235 silly ADD node_modules/@discordjs/rest/node_modules/@discordjs/collection
236 silly ADD node_modules/@discordjs/formatters
237 silly ADD node_modules/@discordjs/collection
238 silly ADD node_modules/@discordjs/builders
239 silly ADD node_modules/dotenv
240 silly ADD node_modules/discord.js
241 verbose cwd /data/data/com.termux/files/home
242 verbose os Linux 5.4.210-android12-9-667307-gd9b32e55273a-ab333
243 verbose node v25.8.2
244 verbose npm  v11.12.1
245 verbose exit 0
246 info ok
