0 verbose cli /data/data/com.termux/files/usr/bin/node /data/data/com.termux/files/usr/bin/npm
1 info using npm@11.12.1
2 info using node@v24.14.1
3 silly config load:file:/data/data/com.termux/files/usr/lib/node_modules/npm/npmrc
4 silly config load:file:/data/data/com.termux/files/home/.npmrc
5 silly config load:file:/data/data/com.termux/files/usr/etc/npmrc
6 verbose title npm install dotenv
7 verbose argv "install" "dotenv"
8 verbose logfile logs-max:10 dir:/data/data/com.termux/files/home/.npm/_logs/2026-04-10T03_32_21_699Z-
9 verbose logfile /data/data/com.termux/files/home/.npm/_logs/2026-04-10T03_32_21_699Z-debug-0.log
10 silly logfile start cleaning logs, removing 1 files
11 silly logfile done cleaning log files
12 silly packumentCache heap:1174405120 maxSize:293601280 maxEntrySize:146800640
13 silly idealTree buildDeps
14 silly fetch manifest dotenv@^17.4.0
15 silly packumentCache full:https://registry.npmjs.org/dotenv cache-miss
16 http fetch GET 200 https://registry.npmjs.org/dotenv 955ms (cache revalidated)
17 silly packumentCache full:https://registry.npmjs.org/dotenv set size:274230 disposed:false
18 silly placeDep ROOT dotenv@17.4.1 REPLACE for: bot@1.0.0 want: ^17.4.0
19 silly reify moves {}
20 silly audit bulk request {
20 silly audit   '@discordjs/builders': [ '1.14.1' ],
20 silly audit   '@discordjs/collection': [ '1.5.3', '2.1.1' ],
20 silly audit   '@discordjs/formatters': [ '0.6.2' ],
20 silly audit   '@discordjs/rest': [ '2.6.1' ],
20 silly audit   '@sapphire/snowflake': [ '3.5.5', '3.5.3' ],
20 silly audit   '@discordjs/util': [ '1.2.0' ],
20 silly audit   '@discordjs/ws': [ '1.2.3' ],
20 silly audit   '@sapphire/async-queue': [ '1.5.5' ],
20 silly audit   '@sapphire/shapeshift': [ '4.0.0' ],
20 silly audit   '@types/node': [ '25.5.0' ],
20 silly audit   '@types/ws': [ '8.18.1' ],
20 silly audit   '@vladfrangu/async_event_emitter': [ '2.4.7' ],
20 silly audit   'discord-api-types': [ '0.38.44' ],
20 silly audit   'discord.js': [ '14.26.0' ],
20 silly audit   'fast-deep-equal': [ '3.1.3' ],
20 silly audit   lodash: [ '4.18.1' ],
20 silly audit   'lodash.snakecase': [ '4.1.1' ],
20 silly audit   'magic-bytes.js': [ '1.13.0' ],
20 silly audit   'ts-mixer': [ '6.0.4' ],
20 silly audit   tslib: [ '2.8.1' ],
20 silly audit   undici: [ '6.24.1' ],
20 silly audit   'undici-types': [ '7.18.2' ],
20 silly audit   ws: [ '8.20.0' ],
20 silly audit   dotenv: [ '17.4.1' ]
20 silly audit }
21 http cache dotenv@https://registry.npmjs.org/dotenv/-/dotenv-17.4.1.tgz 0ms (cache hit)
22 http cache undici-types@https://registry.npmjs.org/undici-types/-/undici-types-7.18.2.tgz 0ms (cache hit)
23 http cache undici@https://registry.npmjs.org/undici/-/undici-6.24.1.tgz 0ms (cache hit)
24 http cache ts-mixer@https://registry.npmjs.org/ts-mixer/-/ts-mixer-6.0.4.tgz 0ms (cache hit)
25 http cache ws@https://registry.npmjs.org/ws/-/ws-8.20.0.tgz 1ms (cache hit)
26 http cache tslib@https://registry.npmjs.org/tslib/-/tslib-2.8.1.tgz 0ms (cache hit)
27 http cache magic-bytes.js@https://registry.npmjs.org/magic-bytes.js/-/magic-bytes.js-1.13.0.tgz 0ms (cache hit)
28 http cache lodash.snakecase@https://registry.npmjs.org/lodash.snakecase/-/lodash.snakecase-4.1.1.tgz 1ms (cache hit)
29 http cache fast-deep-equal@https://registry.npmjs.org/fast-deep-equal/-/fast-deep-equal-3.1.3.tgz 0ms (cache hit)
30 http cache discord.js@https://registry.npmjs.org/discord.js/-/discord.js-14.26.0.tgz 0ms (cache hit)
31 http cache discord-api-types@https://registry.npmjs.org/discord-api-types/-/discord-api-types-0.38.44.tgz 0ms (cache hit)
32 http cache @vladfrangu/async_event_emitter@https://registry.npmjs.org/@vladfrangu/async_event_emitter/-/async_event_emitter-2.4.7.tgz 0ms (cache hit)
33 http cache lodash@https://registry.npmjs.org/lodash/-/lodash-4.18.1.tgz 0ms (cache hit)
34 http cache @types/ws@https://registry.npmjs.org/@types/ws/-/ws-8.18.1.tgz 0ms (cache hit)
35 http cache @sapphire/snowflake@https://registry.npmjs.org/@sapphire/snowflake/-/snowflake-3.5.3.tgz 0ms (cache hit)
36 http cache @types/node@https://registry.npmjs.org/@types/node/-/node-25.5.0.tgz 0ms (cache hit)
37 http cache @sapphire/shapeshift@https://registry.npmjs.org/@sapphire/shapeshift/-/shapeshift-4.0.0.tgz 0ms (cache hit)
38 http cache @sapphire/async-queue@https://registry.npmjs.org/@sapphire/async-queue/-/async-queue-1.5.5.tgz 0ms (cache hit)
39 http cache @discordjs/ws@https://registry.npmjs.org/@discordjs/ws/-/ws-1.2.3.tgz 0ms (cache hit)
40 http cache @discordjs/util@https://registry.npmjs.org/@discordjs/util/-/util-1.2.0.tgz 0ms (cache hit)
41 http cache @discordjs/rest@https://registry.npmjs.org/@discordjs/rest/-/rest-2.6.1.tgz 0ms (cache hit)
42 http cache @discordjs/formatters@https://registry.npmjs.org/@discordjs/formatters/-/formatters-0.6.2.tgz 0ms (cache hit)
43 http cache @discordjs/collection@https://registry.npmjs.org/@discordjs/collection/-/collection-1.5.3.tgz 0ms (cache hit)
44 http cache @discordjs/builders@https://registry.npmjs.org/@discordjs/builders/-/builders-1.14.1.tgz 0ms (cache hit)
45 http cache @discordjs/collection@https://registry.npmjs.org/@discordjs/collection/-/collection-2.1.1.tgz 0ms (cache hit)
46 http cache @sapphire/snowflake@https://registry.npmjs.org/@sapphire/snowflake/-/snowflake-3.5.5.tgz 0ms (cache hit)
47 http cache @discordjs/collection@https://registry.npmjs.org/@discordjs/collection/-/collection-2.1.1.tgz 0ms (cache hit)
48 http fetch POST 200 https://registry.npmjs.org/-/npm/v1/security/advisories/bulk 670ms
49 silly audit report {}
50 silly ADD node_modules/dotenv
51 silly ADD node_modules/ws
52 silly ADD node_modules/undici-types
53 silly ADD node_modules/undici
54 silly ADD node_modules/tslib
55 silly ADD node_modules/ts-mixer
56 silly ADD node_modules/magic-bytes.js
57 silly ADD node_modules/lodash.snakecase
58 silly ADD node_modules/lodash
59 silly ADD node_modules/fast-deep-equal
60 silly ADD node_modules/discord.js
61 silly ADD node_modules/discord-api-types
62 silly ADD node_modules/@vladfrangu/async_event_emitter
63 silly ADD node_modules/@types/ws
64 silly ADD node_modules/@types/node
65 silly ADD node_modules/@sapphire/snowflake
66 silly ADD node_modules/@sapphire/shapeshift
67 silly ADD node_modules/@sapphire/async-queue
68 silly ADD node_modules/@discordjs/ws
69 silly ADD node_modules/@discordjs/ws/node_modules/@discordjs/collection
70 silly ADD node_modules/@discordjs/util
71 silly ADD node_modules/@discordjs/rest
72 silly ADD node_modules/@discordjs/rest/node_modules/@sapphire/snowflake
73 silly ADD node_modules/@discordjs/rest/node_modules/@discordjs/collection
74 silly ADD node_modules/@discordjs/formatters
75 silly ADD node_modules/@discordjs/collection
76 silly ADD node_modules/@discordjs/builders
77 verbose cwd /data/data/com.termux/files/home
78 verbose os Linux 5.4.210-android12-9-667307-gd9b32e55273a-ab333
79 verbose node v24.14.1
80 verbose npm  v11.12.1
81 verbose exit 0
82 info ok
