0 verbose cli /data/data/com.termux/files/usr/bin/node /data/data/com.termux/files/usr/bin/npm
1 info using npm@11.12.1
2 info using node@v24.14.1
3 silly config load:file:/data/data/com.termux/files/usr/lib/node_modules/npm/npmrc
4 silly config load:file:/data/data/com.termux/files/home/.npmrc
5 silly config load:file:/data/data/com.termux/files/usr/etc/npmrc
6 verbose title npm install discord.js dotenv.
7 verbose argv "install" "discord.js" "dotenv."
8 verbose logfile logs-max:10 dir:/data/data/com.termux/files/home/.npm/_logs/2026-04-03T05_47_52_184Z-
9 verbose logfile /data/data/com.termux/files/home/.npm/_logs/2026-04-03T05_47_52_184Z-debug-0.log
10 silly logfile start cleaning logs, removing 1 files
11 silly logfile done cleaning log files
12 silly packumentCache heap:1174405120 maxSize:293601280 maxEntrySize:146800640
13 silly idealTree buildDeps
14 silly fetch manifest discord.js@^14.25.1
15 silly packumentCache full:https://registry.npmjs.org/discord.js cache-miss
16 http fetch GET 200 https://registry.npmjs.org/discord.js 936ms (cache revalidated)
17 silly packumentCache full:https://registry.npmjs.org/discord.js set size:8569366 disposed:false
18 silly fetch manifest dotenv.@*
19 silly packumentCache full:https://registry.npmjs.org/dotenv. cache-miss
20 http fetch GET 404 https://registry.npmjs.org/dotenv. 196ms (cache skip)
21 silly placeDep ROOT discord.js@14.26.0 REPLACE for: bot@1.0.0 want: ^14.25.1
22 silly placeDep ROOT dotenv.@ OK for: bot@1.0.0 want: *
23 verbose stack HttpErrorGeneral: 404 Not Found - GET https://registry.npmjs.org/dotenv. - Not found
23 verbose stack     at /data/data/com.termux/files/usr/lib/node_modules/npm/node_modules/npm-registry-fetch/lib/check-response.js:103:15
23 verbose stack     at process.processTicksAndRejections (node:internal/process/task_queues:104:5)
23 verbose stack     at async RegistryFetcher.packument (/data/data/com.termux/files/usr/lib/node_modules/npm/node_modules/pacote/lib/registry.js:90:19)
23 verbose stack     at async RegistryFetcher.manifest (/data/data/com.termux/files/usr/lib/node_modules/npm/node_modules/pacote/lib/registry.js:128:23)
23 verbose stack     at async #fetchManifest (/data/data/com.termux/files/usr/lib/node_modules/npm/node_modules/@npmcli/arborist/lib/arborist/build-ideal-tree.js:1227:20)
23 verbose stack     at async #nodeFromEdge (/data/data/com.termux/files/usr/lib/node_modules/npm/node_modules/@npmcli/arborist/lib/arborist/build-ideal-tree.js:1061:19)
23 verbose stack     at async #buildDepStep (/data/data/com.termux/files/usr/lib/node_modules/npm/node_modules/@npmcli/arborist/lib/arborist/build-ideal-tree.js:917:11)
23 verbose stack     at async Arborist.buildIdealTree (/data/data/com.termux/files/usr/lib/node_modules/npm/node_modules/@npmcli/arborist/lib/arborist/build-ideal-tree.js:170:7)
23 verbose stack     at async Promise.all (index 1)
23 verbose stack     at async Arborist.reify (/data/data/com.termux/files/usr/lib/node_modules/npm/node_modules/@npmcli/arborist/lib/arborist/reify.js:111:5)
24 verbose statusCode 404
25 verbose pkgid dotenv.@*
26 error code E404
27 error 404 Not Found - GET https://registry.npmjs.org/dotenv. - Not found
28 error 404
29 error 404  The requested resource 'dotenv.@*' could not be found or you do not have permission to access it.
30 error 404
31 error 404 Note that you can also install from a
32 error 404 tarball, folder, http url, or git url.
33 silly unfinished npm timer reify 1775195274183
34 silly unfinished npm timer reify:loadTrees 1775195274188
35 verbose cwd /data/data/com.termux/files/home
36 verbose os Linux 5.4.210-android12-9-667307-gd9b32e55273a-ab333
37 verbose node v24.14.1
38 verbose npm  v11.12.1
39 verbose exit 1
40 verbose code 1
41 error A complete log of this run can be found in: /data/data/com.termux/files/home/.npm/_logs/2026-04-03T05_47_52_184Z-debug-0.log
