0 verbose cli /data/data/com.termux/files/usr/bin/node /data/data/com.termux/files/usr/bin/npm
1 info using npm@11.12.1
2 info using node@v24.14.1
3 silly config load:file:/data/data/com.termux/files/usr/lib/node_modules/npm/npmrc
4 silly config load:file:/data/data/com.termux/files/home/.npmrc
5 silly config load:file:/data/data/com.termux/files/usr/etc/npmrc
6 verbose title npm install discord.js dotenv
7 verbose argv "install" "discord.js" "dotenv"
8 verbose logfile logs-max:10 dir:/data/data/com.termux/files/home/.npm/_logs/2026-04-03T05_48_18_518Z-
9 verbose logfile /data/data/com.termux/files/home/.npm/_logs/2026-04-03T05_48_18_518Z-debug-0.log
10 silly logfile start cleaning logs, removing 1 files
11 silly logfile done cleaning log files
12 silly packumentCache heap:1174405120 maxSize:293601280 maxEntrySize:146800640
13 silly idealTree buildDeps
14 silly fetch manifest discord.js@^14.25.1
15 silly packumentCache full:https://registry.npmjs.org/discord.js cache-miss
16 http cache https://registry.npmjs.org/discord.js 181ms (cache hit)
17 silly packumentCache full:https://registry.npmjs.org/discord.js set size:8569366 disposed:false
18 silly fetch manifest dotenv@^17.4.0
19 silly packumentCache full:https://registry.npmjs.org/dotenv cache-miss
20 http fetch GET 200 https://registry.npmjs.org/dotenv 509ms (cache revalidated)
21 silly packumentCache full:https://registry.npmjs.org/dotenv set size:271586 disposed:false
22 silly placeDep ROOT discord.js@14.26.0 REPLACE for: bot@1.0.0 want: ^14.25.1
23 silly placeDep ROOT dotenv@17.4.0 REPLACE for: bot@1.0.0 want: ^17.4.0
24 silly reify moves {}
25 silly audit bulk request {
25 silly audit   '@discordjs/builders': [ '1.14.1' ],
25 silly audit   '@discordjs/collection': [ '1.5.3', '2.1.1' ],
25 silly audit   '@discordjs/formatters': [ '0.6.2' ],
25 silly audit   '@discordjs/rest': [ '2.6.1' ],
25 silly audit   '@sapphire/snowflake': [ '3.5.5', '3.5.3' ],
25 silly audit   '@discordjs/util': [ '1.2.0' ],
25 silly audit   '@discordjs/ws': [ '1.2.3' ],
25 silly audit   '@sapphire/async-queue': [ '1.5.5' ],
25 silly audit   '@sapphire/shapeshift': [ '4.0.0' ],
25 silly audit   '@types/node': [ '25.5.0' ],
25 silly audit   '@types/ws': [ '8.18.1' ],
25 silly audit   '@vladfrangu/async_event_emitter': [ '2.4.7' ],
25 silly audit   'discord-api-types': [ '0.38.44' ],
25 silly audit   'fast-deep-equal': [ '3.1.3' ],
25 silly audit   lodash: [ '4.18.1' ],
25 silly audit   'lodash.snakecase': [ '4.1.1' ],
25 silly audit   'magic-bytes.js': [ '1.13.0' ],
25 silly audit   'ts-mixer': [ '6.0.4' ],
25 silly audit   tslib: [ '2.8.1' ],
25 silly audit   undici: [ '6.24.1' ],
25 silly audit   'undici-types': [ '7.18.2' ],
25 silly audit   ws: [ '8.20.0' ],
25 silly audit   'discord.js': [ '14.26.0' ],
25 silly audit   dotenv: [ '17.4.0' ]
25 silly audit }
26 http fetch POST 200 https://registry.npmjs.org/-/npm/v1/security/advisories/bulk 209ms
27 silly audit report {}
28 verbose cwd /data/data/com.termux/files/home
29 verbose os Linux 5.4.210-android12-9-667307-gd9b32e55273a-ab333
30 verbose node v24.14.1
31 verbose npm  v11.12.1
32 verbose exit 0
33 info ok
