0 verbose cli /data/data/com.termux/files/usr/bin/node /data/data/com.termux/files/usr/bin/npm
1 info using npm@11.12.1
2 info using node@v24.14.1
3 silly config load:file:/data/data/com.termux/files/usr/lib/node_modules/npm/npmrc
4 silly config load:file:/data/data/com.termux/files/home/bot/.npmrc
5 silly config load:file:/data/data/com.termux/files/home/.npmrc
6 silly config load:file:/data/data/com.termux/files/usr/etc/npmrc
7 verbose title npm install discord.js dotenv
8 verbose argv "install" "discord.js" "dotenv"
9 verbose logfile logs-max:10 dir:/data/data/com.termux/files/home/.npm/_logs/2026-04-10T04_02_50_705Z-
10 verbose logfile /data/data/com.termux/files/home/.npm/_logs/2026-04-10T04_02_50_705Z-debug-0.log
11 silly logfile start cleaning logs, removing 1 files
12 silly packumentCache heap:1174405120 maxSize:293601280 maxEntrySize:146800640
13 silly logfile done cleaning log files
14 silly idealTree buildDeps
15 silly fetch manifest discord.js@^14.26.2
16 silly packumentCache full:https://registry.npmjs.org/discord.js cache-miss
17 http fetch GET 200 https://registry.npmjs.org/discord.js 801ms (cache revalidated)
18 silly packumentCache full:https://registry.npmjs.org/discord.js set size:8586617 disposed:false
19 silly fetch manifest dotenv@^17.4.1
20 silly packumentCache full:https://registry.npmjs.org/dotenv cache-miss
21 http fetch GET 200 https://registry.npmjs.org/dotenv 168ms (cache revalidated)
22 silly packumentCache full:https://registry.npmjs.org/dotenv set size:274230 disposed:false
23 silly placeDep ROOT discord.js@14.26.2 REPLACE for: bot@1.0.0 want: ^14.26.2
24 silly placeDep ROOT dotenv@17.4.1 REPLACE for: bot@1.0.0 want: ^17.4.1
25 silly reify moves {}
26 silly audit bulk request {
26 silly audit   '@discordjs/builders': [ '1.14.1' ],
26 silly audit   '@discordjs/collection': [ '1.5.3', '2.1.1' ],
26 silly audit   '@discordjs/formatters': [ '0.6.2' ],
26 silly audit   '@discordjs/rest': [ '2.6.1' ],
26 silly audit   '@sapphire/snowflake': [ '3.5.5', '3.5.3' ],
26 silly audit   '@discordjs/util': [ '1.2.0' ],
26 silly audit   '@discordjs/ws': [ '1.2.3' ],
26 silly audit   '@sapphire/async-queue': [ '1.5.5' ],
26 silly audit   '@sapphire/shapeshift': [ '4.0.0' ],
26 silly audit   '@types/node': [ '25.5.2' ],
26 silly audit   '@types/ws': [ '8.18.1' ],
26 silly audit   '@vladfrangu/async_event_emitter': [ '2.4.7' ],
26 silly audit   'discord-api-types': [ '0.38.45' ],
26 silly audit   'fast-deep-equal': [ '3.1.3' ],
26 silly audit   lodash: [ '4.18.1' ],
26 silly audit   'lodash.snakecase': [ '4.1.1' ],
26 silly audit   'magic-bytes.js': [ '1.13.0' ],
26 silly audit   'ts-mixer': [ '6.0.4' ],
26 silly audit   tslib: [ '2.8.1' ],
26 silly audit   undici: [ '6.24.1' ],
26 silly audit   'undici-types': [ '7.18.2' ],
26 silly audit   ws: [ '8.20.0' ],
26 silly audit   'discord.js': [ '14.26.2' ],
26 silly audit   dotenv: [ '17.4.1' ]
26 silly audit }
27 http fetch POST 200 https://registry.npmjs.org/-/npm/v1/security/advisories/bulk 237ms
28 silly audit report {}
29 verbose cwd /data/data/com.termux/files/home/bot
30 verbose os Linux 5.4.210-android12-9-667307-gd9b32e55273a-ab333
31 verbose node v24.14.1
32 verbose npm  v11.12.1
33 verbose exit 0
34 info ok
