0 verbose cli /data/data/com.termux/files/usr/bin/node /data/data/com.termux/files/usr/bin/npm
1 info using npm@11.12.1
2 info using node@v24.14.1
3 silly config load:file:/data/data/com.termux/files/usr/lib/node_modules/npm/npmrc
4 silly config load:file:/data/data/com.termux/files/home/.npmrc
5 silly config load:file:/data/data/com.termux/files/usr/etc/npmrc
6 verbose title npm install
7 verbose argv "install"
8 verbose logfile logs-max:10 dir:/data/data/com.termux/files/home/.npm/_logs/2026-04-03T00_10_11_464Z-
9 verbose logfile /data/data/com.termux/files/home/.npm/_logs/2026-04-03T00_10_11_464Z-debug-0.log
10 silly logfile start cleaning logs, removing 1 files
11 silly logfile done cleaning log files
12 silly packumentCache heap:1174405120 maxSize:293601280 maxEntrySize:146800640
13 silly idealTree buildDeps
14 silly fetch manifest discord.js@^14.25.1
15 silly packumentCache full:https://registry.npmjs.org/discord.js cache-miss
16 http cache https://registry.npmjs.org/discord.js 167ms (cache hit)
17 silly packumentCache full:https://registry.npmjs.org/discord.js set size:8569366 disposed:false
18 silly fetch manifest dotenv@^17.4.0
19 silly packumentCache full:https://registry.npmjs.org/dotenv cache-miss
20 http cache https://registry.npmjs.org/dotenv 27ms (cache hit)
21 silly packumentCache full:https://registry.npmjs.org/dotenv set size:271586 disposed:false
22 silly placeDep ROOT discord.js@14.26.0 OK for: bot@1.0.0 want: ^14.25.1
23 silly placeDep ROOT dotenv@17.4.0 OK for: bot@1.0.0 want: ^17.4.0
24 silly fetch manifest tslib@^2.6.3
25 silly packumentCache full:https://registry.npmjs.org/tslib cache-miss
26 silly fetch manifest undici@6.24.1
27 silly packumentCache full:https://registry.npmjs.org/undici cache-miss
28 silly fetch manifest @discordjs/ws@^1.2.3
29 silly packumentCache full:https://registry.npmjs.org/@discordjs%2fws cache-miss
30 silly fetch manifest magic-bytes.js@^1.13.0
31 silly packumentCache full:https://registry.npmjs.org/magic-bytes.js cache-miss
32 silly fetch manifest @discordjs/rest@^2.6.1
33 silly packumentCache full:https://registry.npmjs.org/@discordjs%2frest cache-miss
34 silly fetch manifest @discordjs/util@^1.2.0
35 silly packumentCache full:https://registry.npmjs.org/@discordjs%2futil cache-miss
36 silly fetch manifest fast-deep-equal@3.1.3
37 silly packumentCache full:https://registry.npmjs.org/fast-deep-equal cache-miss
38 http cache https://registry.npmjs.org/magic-bytes.js 76ms (cache hit)
39 silly packumentCache full:https://registry.npmjs.org/magic-bytes.js set size:127104 disposed:false
40 silly fetch manifest lodash.snakecase@4.1.1
41 silly packumentCache full:https://registry.npmjs.org/lodash.snakecase cache-miss
42 http cache https://registry.npmjs.org/fast-deep-equal 85ms (cache hit)
43 silly packumentCache full:https://registry.npmjs.org/fast-deep-equal set size:48634 disposed:false
44 silly fetch manifest discord-api-types@^0.38.40
45 silly packumentCache full:https://registry.npmjs.org/discord-api-types cache-miss
46 http cache https://registry.npmjs.org/undici 118ms (cache hit)
47 silly packumentCache full:https://registry.npmjs.org/undici set size:1352825 disposed:false
48 silly fetch manifest @discordjs/builders@^1.14.0
49 silly packumentCache full:https://registry.npmjs.org/@discordjs%2fbuilders cache-miss
50 http cache https://registry.npmjs.org/tslib 173ms (cache hit)
51 silly packumentCache full:https://registry.npmjs.org/tslib set size:108760 disposed:false
52 silly fetch manifest @sapphire/snowflake@3.5.3
53 silly packumentCache full:https://registry.npmjs.org/@sapphire%2fsnowflake cache-miss
54 http cache https://registry.npmjs.org/@discordjs%2frest 213ms (cache hit)
55 silly packumentCache full:https://registry.npmjs.org/@discordjs%2frest set size:6062972 disposed:false
56 silly fetch manifest @discordjs/collection@1.5.3
57 silly packumentCache full:https://registry.npmjs.org/@discordjs%2fcollection cache-miss
58 http cache https://registry.npmjs.org/@discordjs%2fws 437ms (cache hit)
59 silly packumentCache full:https://registry.npmjs.org/@discordjs%2fws set size:5622892 disposed:false
60 silly fetch manifest @discordjs/formatters@^0.6.2
61 silly packumentCache full:https://registry.npmjs.org/@discordjs%2fformatters cache-miss
62 http cache https://registry.npmjs.org/@discordjs%2futil 662ms (cache hit)
63 silly packumentCache full:https://registry.npmjs.org/@discordjs%2futil set size:4385718 disposed:false
64 http cache https://registry.npmjs.org/lodash.snakecase 744ms (cache hit)
65 silly packumentCache full:https://registry.npmjs.org/lodash.snakecase set size:16878 disposed:false
66 http cache https://registry.npmjs.org/@sapphire%2fsnowflake 725ms (cache hit)
67 silly packumentCache full:https://registry.npmjs.org/@sapphire%2fsnowflake set size:3056270 disposed:false
68 http cache https://registry.npmjs.org/@discordjs%2fcollection 652ms (cache hit)
69 silly packumentCache full:https://registry.npmjs.org/@discordjs%2fcollection set size:5583250 disposed:false
70 http cache https://registry.npmjs.org/@discordjs%2fbuilders 1159ms (cache hit)
71 silly packumentCache full:https://registry.npmjs.org/@discordjs%2fbuilders set size:5981279 disposed:false
72 http cache https://registry.npmjs.org/discord-api-types 1503ms (cache hit)
73 silly packumentCache full:https://registry.npmjs.org/discord-api-types set size:8039059 disposed:false
74 http cache https://registry.npmjs.org/@discordjs%2fformatters 1296ms (cache hit)
75 silly packumentCache full:https://registry.npmjs.org/@discordjs%2fformatters set size:3929030 disposed:false
76 silly placeDep ROOT @discordjs/builders@1.14.1 OK for: discord.js@14.26.0 want: ^1.14.0
77 silly placeDep ROOT @discordjs/collection@1.5.3 OK for: discord.js@14.26.0 want: 1.5.3
78 silly placeDep ROOT @discordjs/formatters@0.6.2 OK for: discord.js@14.26.0 want: ^0.6.2
79 silly placeDep ROOT @discordjs/rest@2.6.1 OK for: discord.js@14.26.0 want: ^2.6.1
80 silly placeDep ROOT @discordjs/util@1.2.0 OK for: discord.js@14.26.0 want: ^1.2.0
81 silly placeDep ROOT @discordjs/ws@1.2.3 OK for: discord.js@14.26.0 want: ^1.2.3
82 silly placeDep ROOT @sapphire/snowflake@3.5.3 OK for: discord.js@14.26.0 want: 3.5.3
83 silly placeDep ROOT discord-api-types@0.38.44 OK for: discord.js@14.26.0 want: ^0.38.40
84 silly placeDep ROOT fast-deep-equal@3.1.3 OK for: discord.js@14.26.0 want: 3.1.3
85 silly placeDep ROOT lodash.snakecase@4.1.1 OK for: discord.js@14.26.0 want: 4.1.1
86 silly placeDep ROOT magic-bytes.js@1.13.0 OK for: discord.js@14.26.0 want: ^1.13.0
87 silly placeDep ROOT tslib@2.8.1 OK for: discord.js@14.26.0 want: ^2.6.3
88 silly placeDep ROOT undici@6.24.1 OK for: discord.js@14.26.0 want: 6.24.1
89 silly fetch manifest ts-mixer@^6.0.4
90 silly packumentCache full:https://registry.npmjs.org/ts-mixer cache-miss
91 silly fetch manifest fast-deep-equal@^3.1.3
92 silly packumentCache full:https://registry.npmjs.org/fast-deep-equal cache-hit
93 silly fetch manifest @sapphire/shapeshift@^4.0.0
94 silly packumentCache full:https://registry.npmjs.org/@sapphire%2fshapeshift cache-miss
95 silly fetch manifest discord-api-types@^0.38.33
96 silly packumentCache full:https://registry.npmjs.org/discord-api-types cache-miss
97 silly fetch manifest @sapphire/snowflake@^3.5.5
98 silly packumentCache full:https://registry.npmjs.org/@sapphire%2fsnowflake cache-miss
99 silly fetch manifest @discordjs/collection@^2.1.1
100 silly packumentCache full:https://registry.npmjs.org/@discordjs%2fcollection cache-miss
101 silly fetch manifest @sapphire/async-queue@^1.5.3
102 silly packumentCache full:https://registry.npmjs.org/@sapphire%2fasync-queue cache-miss
103 silly fetch manifest @vladfrangu/async_event_emitter@^2.4.6
104 silly packumentCache full:https://registry.npmjs.org/@vladfrangu%2fasync_event_emitter cache-miss
105 http cache https://registry.npmjs.org/ts-mixer 101ms (cache hit)
106 silly packumentCache full:https://registry.npmjs.org/ts-mixer set size:186053 disposed:false
107 silly fetch manifest discord-api-types@^0.38.33
108 silly packumentCache full:https://registry.npmjs.org/discord-api-types cache-miss
109 http cache https://registry.npmjs.org/@sapphire%2fshapeshift 137ms (cache hit)
110 silly packumentCache full:https://registry.npmjs.org/@sapphire%2fshapeshift set size:2120584 disposed:false
111 silly fetch manifest ws@^8.17.0
112 silly packumentCache full:https://registry.npmjs.org/ws cache-miss
113 http cache https://registry.npmjs.org/@sapphire%2fsnowflake 251ms (cache hit)
114 silly packumentCache full:https://registry.npmjs.org/@sapphire%2fsnowflake set size:3056270 disposed:false
115 silly fetch manifest tslib@^2.6.2
116 silly packumentCache full:https://registry.npmjs.org/tslib cache-hit
117 silly fetch manifest @types/ws@^8.5.10
118 silly packumentCache full:https://registry.npmjs.org/@types%2fws cache-miss
119 http cache https://registry.npmjs.org/@discordjs%2fcollection 382ms (cache hit)
120 silly packumentCache full:https://registry.npmjs.org/@discordjs%2fcollection set size:5583250 disposed:false
121 silly fetch manifest discord-api-types@^0.38.1
122 silly packumentCache full:https://registry.npmjs.org/discord-api-types cache-miss
123 http cache https://registry.npmjs.org/discord-api-types 615ms (cache hit)
124 silly packumentCache full:https://registry.npmjs.org/discord-api-types set size:8039059 disposed:false
125 silly fetch manifest @discordjs/collection@^2.1.0
126 silly packumentCache full:https://registry.npmjs.org/@discordjs%2fcollection cache-miss
127 http cache https://registry.npmjs.org/@sapphire%2fasync-queue 910ms (cache hit)
128 silly packumentCache full:https://registry.npmjs.org/@sapphire%2fasync-queue set size:2902259 disposed:false
129 silly fetch manifest @sapphire/async-queue@^1.5.2
130 silly packumentCache full:https://registry.npmjs.org/@sapphire%2fasync-queue cache-miss
131 http cache https://registry.npmjs.org/@vladfrangu%2fasync_event_emitter 982ms (cache hit)
132 silly packumentCache full:https://registry.npmjs.org/@vladfrangu%2fasync_event_emitter set size:290320 disposed:false
133 silly fetch manifest @vladfrangu/async_event_emitter@^2.2.4
134 silly packumentCache full:https://registry.npmjs.org/@vladfrangu%2fasync_event_emitter cache-hit
135 http cache https://registry.npmjs.org/ws 813ms (cache hit)
136 silly packumentCache full:https://registry.npmjs.org/ws set size:415737 disposed:false
137 http cache https://registry.npmjs.org/@types%2fws 714ms (cache hit)
138 silly packumentCache full:https://registry.npmjs.org/@types%2fws set size:167959 disposed:false
139 http cache https://registry.npmjs.org/@sapphire%2fasync-queue 101ms (cache hit)
140 silly packumentCache full:https://registry.npmjs.org/@sapphire%2fasync-queue set size:2902259 disposed:false
141 http cache https://registry.npmjs.org/@discordjs%2fcollection 334ms (cache hit)
142 silly packumentCache full:https://registry.npmjs.org/@discordjs%2fcollection set size:5583250 disposed:false
143 http cache https://registry.npmjs.org/discord-api-types 883ms (cache hit)
144 silly packumentCache full:https://registry.npmjs.org/discord-api-types set size:8039059 disposed:false
145 http cache https://registry.npmjs.org/discord-api-types 1590ms (cache hit)
146 silly packumentCache full:https://registry.npmjs.org/discord-api-types set size:8039059 disposed:false
147 silly placeDep ROOT @sapphire/shapeshift@4.0.0 OK for: @discordjs/builders@1.14.1 want: ^4.0.0
148 silly placeDep ROOT ts-mixer@6.0.4 OK for: @discordjs/builders@1.14.1 want: ^6.0.4
149 silly fetch manifest lodash@^4.17.21
150 silly packumentCache full:https://registry.npmjs.org/lodash cache-miss
151 http cache https://registry.npmjs.org/lodash 89ms (cache hit)
152 silly packumentCache full:https://registry.npmjs.org/lodash set size:247748 disposed:false
153 silly placeDep node_modules/@discordjs/rest @discordjs/collection@2.1.1 OK for: @discordjs/rest@2.6.1 want: ^2.1.1
154 silly placeDep ROOT @sapphire/async-queue@1.5.5 OK for: @discordjs/rest@2.6.1 want: ^1.5.3
155 silly placeDep node_modules/@discordjs/rest @sapphire/snowflake@3.5.5 OK for: @discordjs/rest@2.6.1 want: ^3.5.5
156 silly placeDep ROOT @vladfrangu/async_event_emitter@2.4.7 OK for: @discordjs/rest@2.6.1 want: ^2.4.6
157 silly fetch manifest bufferutil@^4.0.1
158 silly packumentCache full:https://registry.npmjs.org/bufferutil cache-miss
159 http cache https://registry.npmjs.org/bufferutil 11ms (cache hit)
160 silly packumentCache full:https://registry.npmjs.org/bufferutil set size:52763 disposed:false
161 silly fetch manifest utf-8-validate@>=5.0.2
162 silly packumentCache full:https://registry.npmjs.org/utf-8-validate cache-miss
163 http cache https://registry.npmjs.org/utf-8-validate 9ms (cache hit)
164 silly packumentCache full:https://registry.npmjs.org/utf-8-validate set size:77148 disposed:false
165 silly placeDep node_modules/@discordjs/ws @discordjs/collection@2.1.1 OK for: @discordjs/ws@1.2.3 want: ^2.1.0
166 silly placeDep ROOT @types/ws@8.18.1 OK for: @discordjs/ws@1.2.3 want: ^8.5.10
167 silly placeDep ROOT ws@8.20.0 OK for: @discordjs/ws@1.2.3 want: ^8.17.0
168 silly fetch manifest @types/node@*
169 silly packumentCache full:https://registry.npmjs.org/@types%2fnode cache-miss
170 http cache https://registry.npmjs.org/@types%2fnode 101ms (cache hit)
171 silly packumentCache full:https://registry.npmjs.org/@types%2fnode set size:10939948 disposed:false
172 silly placeDep ROOT lodash@4.18.1 OK for: @sapphire/shapeshift@4.0.0 want: ^4.17.21
173 silly placeDep ROOT @types/node@25.5.0 OK for: @types/ws@8.18.1 want: *
174 silly fetch manifest undici-types@~7.18.0
175 silly packumentCache full:https://registry.npmjs.org/undici-types cache-miss
176 http cache https://registry.npmjs.org/undici-types 15ms (cache hit)
177 silly packumentCache full:https://registry.npmjs.org/undici-types set size:196194 disposed:false
178 silly placeDep ROOT undici-types@7.18.2 OK for: @types/node@25.5.0 want: ~7.18.0
179 silly reify moves {}
180 silly audit bulk request {
180 silly audit   'discord.js': [ '14.26.0' ],
180 silly audit   dotenv: [ '17.4.0' ],
180 silly audit   '@discordjs/builders': [ '1.14.1' ],
180 silly audit   '@discordjs/collection': [ '1.5.3', '2.1.1' ],
180 silly audit   '@discordjs/formatters': [ '0.6.2' ],
180 silly audit   '@discordjs/rest': [ '2.6.1' ],
180 silly audit   '@discordjs/util': [ '1.2.0' ],
180 silly audit   '@discordjs/ws': [ '1.2.3' ],
180 silly audit   '@sapphire/snowflake': [ '3.5.3', '3.5.5' ],
180 silly audit   'discord-api-types': [ '0.38.44' ],
180 silly audit   'fast-deep-equal': [ '3.1.3' ],
180 silly audit   'lodash.snakecase': [ '4.1.1' ],
180 silly audit   'magic-bytes.js': [ '1.13.0' ],
180 silly audit   tslib: [ '2.8.1' ],
180 silly audit   undici: [ '6.24.1' ],
180 silly audit   '@sapphire/shapeshift': [ '4.0.0' ],
180 silly audit   'ts-mixer': [ '6.0.4' ],
180 silly audit   '@sapphire/async-queue': [ '1.5.5' ],
180 silly audit   '@vladfrangu/async_event_emitter': [ '2.4.7' ],
180 silly audit   '@types/ws': [ '8.18.1' ],
180 silly audit   ws: [ '8.20.0' ],
180 silly audit   lodash: [ '4.18.1' ],
180 silly audit   '@types/node': [ '25.5.0' ],
180 silly audit   'undici-types': [ '7.18.2' ]
180 silly audit }
181 http cache undici-types@https://registry.npmjs.org/undici-types/-/undici-types-7.18.2.tgz 0ms (cache hit)
182 http cache @types/node@https://registry.npmjs.org/@types/node/-/node-25.5.0.tgz 0ms (cache hit)
183 http cache lodash@https://registry.npmjs.org/lodash/-/lodash-4.18.1.tgz 0ms (cache hit)
184 http cache ws@https://registry.npmjs.org/ws/-/ws-8.20.0.tgz 0ms (cache hit)
185 http cache @types/ws@https://registry.npmjs.org/@types/ws/-/ws-8.18.1.tgz 0ms (cache hit)
186 http cache @vladfrangu/async_event_emitter@https://registry.npmjs.org/@vladfrangu/async_event_emitter/-/async_event_emitter-2.4.7.tgz 0ms (cache hit)
187 http cache @sapphire/async-queue@https://registry.npmjs.org/@sapphire/async-queue/-/async-queue-1.5.5.tgz 0ms (cache hit)
188 http cache ts-mixer@https://registry.npmjs.org/ts-mixer/-/ts-mixer-6.0.4.tgz 0ms (cache hit)
189 http cache magic-bytes.js@https://registry.npmjs.org/magic-bytes.js/-/magic-bytes.js-1.13.0.tgz 0ms (cache hit)
190 http cache undici@https://registry.npmjs.org/undici/-/undici-6.24.1.tgz 0ms (cache hit)
191 http cache @sapphire/shapeshift@https://registry.npmjs.org/@sapphire/shapeshift/-/shapeshift-4.0.0.tgz 0ms (cache hit)
192 http cache tslib@https://registry.npmjs.org/tslib/-/tslib-2.8.1.tgz 0ms (cache hit)
193 http cache fast-deep-equal@https://registry.npmjs.org/fast-deep-equal/-/fast-deep-equal-3.1.3.tgz 0ms (cache hit)
194 http cache lodash.snakecase@https://registry.npmjs.org/lodash.snakecase/-/lodash.snakecase-4.1.1.tgz 0ms (cache hit)
195 http cache discord-api-types@https://registry.npmjs.org/discord-api-types/-/discord-api-types-0.38.44.tgz 0ms (cache hit)
196 http cache @sapphire/snowflake@https://registry.npmjs.org/@sapphire/snowflake/-/snowflake-3.5.3.tgz 0ms (cache hit)
197 http cache @discordjs/ws@https://registry.npmjs.org/@discordjs/ws/-/ws-1.2.3.tgz 0ms (cache hit)
198 http cache @discordjs/util@https://registry.npmjs.org/@discordjs/util/-/util-1.2.0.tgz 0ms (cache hit)
199 http cache @discordjs/rest@https://registry.npmjs.org/@discordjs/rest/-/rest-2.6.1.tgz 0ms (cache hit)
200 http cache @discordjs/formatters@https://registry.npmjs.org/@discordjs/formatters/-/formatters-0.6.2.tgz 0ms (cache hit)
201 http cache @discordjs/collection@https://registry.npmjs.org/@discordjs/collection/-/collection-1.5.3.tgz 0ms (cache hit)
202 http cache @discordjs/builders@https://registry.npmjs.org/@discordjs/builders/-/builders-1.14.1.tgz 0ms (cache hit)
203 http cache dotenv@https://registry.npmjs.org/dotenv/-/dotenv-17.4.0.tgz 0ms (cache hit)
204 http cache discord.js@https://registry.npmjs.org/discord.js/-/discord.js-14.26.0.tgz 0ms (cache hit)
205 http cache @discordjs/collection@https://registry.npmjs.org/@discordjs/collection/-/collection-2.1.1.tgz 0ms (cache hit)
206 http cache @discordjs/collection@https://registry.npmjs.org/@discordjs/collection/-/collection-2.1.1.tgz 0ms (cache hit)
207 http cache @sapphire/snowflake@https://registry.npmjs.org/@sapphire/snowflake/-/snowflake-3.5.5.tgz 0ms (cache hit)
208 http fetch POST 200 https://registry.npmjs.org/-/npm/v1/security/advisories/bulk 1024ms
209 silly audit report {}
210 silly ADD node_modules/undici-types
211 silly ADD node_modules/@types/node
212 silly ADD node_modules/lodash
213 silly ADD node_modules/ws
214 silly ADD node_modules/@types/ws
215 silly ADD node_modules/@vladfrangu/async_event_emitter
216 silly ADD node_modules/@sapphire/async-queue
217 silly ADD node_modules/ts-mixer
218 silly ADD node_modules/@sapphire/shapeshift
219 silly ADD node_modules/undici
220 silly ADD node_modules/tslib
221 silly ADD node_modules/magic-bytes.js
222 silly ADD node_modules/lodash.snakecase
223 silly ADD node_modules/fast-deep-equal
224 silly ADD node_modules/discord-api-types
225 silly ADD node_modules/@sapphire/snowflake
226 silly ADD node_modules/@discordjs/ws
227 silly ADD node_modules/@discordjs/ws/node_modules/@discordjs/collection
228 silly ADD node_modules/@discordjs/util
229 silly ADD node_modules/@discordjs/rest
230 silly ADD node_modules/@discordjs/rest/node_modules/@sapphire/snowflake
231 silly ADD node_modules/@discordjs/rest/node_modules/@discordjs/collection
232 silly ADD node_modules/@discordjs/formatters
233 silly ADD node_modules/@discordjs/collection
234 silly ADD node_modules/@discordjs/builders
235 silly ADD node_modules/dotenv
236 silly ADD node_modules/discord.js
237 verbose cwd /data/data/com.termux/files/home
238 verbose os Linux 5.4.210-android12-9-667307-gd9b32e55273a-ab333
239 verbose node v24.14.1
240 verbose npm  v11.12.1
241 verbose exit 0
242 info ok
